# JRE version: Java(TM) SE Runtime Environment (8.0_92-b14) (build 1.8.0_92-b14)
# Java VM: Java HotSpot(TM) Client VM (25.92-b14 mixed mode windows-x86 )
Heap:
 def new generation   total 39424K, used 32371K [0x04400000, 0x06ec0000, 0x0eea0000)
  eden space 35072K,  91% used [0x04400000, 0x06333178, 0x06640000)
  from space 4352K,   9% used [0x06a80000, 0x06ae9b78, 0x06ec0000)
  to   space 4352K,   0% used [0x06640000, 0x06640000, 0x06a80000)
 tenured generation   total 87424K, used 22513K [0x0eea0000, 0x14400000, 0x24400000)
   the space 87424K,  25% used [0x0eea0000, 0x1049c510, 0x1049c600, 0x14400000)
 Metaspace       used 18351K, capacity 18785K, committed 18816K, reserved 18816K
GC Heap History (10 events):
Event: 1379.938 GC heap before
{Heap before GC invocations=17 (full 1):
 def new generation   total 39424K, used 36708K [0x04400000, 0x06ec0000, 0x0eea0000)
  eden space 35072K, 100% used [0x04400000, 0x06640000, 0x06640000)
  from space 4352K,  37% used [0x06640000, 0x067d92e0, 0x06a80000)
  to   space 4352K,   0% used [0x06a80000, 0x06a80000, 0x06ec0000)
 tenured generation   total 87424K, used 21311K [0x0eea0000, 0x14400000, 0x24400000)
   the space 87424K,  24% used [0x0eea0000, 0x1036fc90, 0x1036fe00, 0x14400000)
 Metaspace       used 18351K, capacity 18785K, committed 18816K, reserved 18816K
Event: 1379.943 GC heap after
Heap after GC invocations=18 (full 1):
 def new generation   total 39424K, used 1626K [0x04400000, 0x06ec0000, 0x0eea0000)
  eden space 35072K,   0% used [0x04400000, 0x04400000, 0x06640000)
  from space 4352K,  37% used [0x06a80000, 0x06c16950, 0x06ec0000)
  to   space 4352K,   0% used [0x06640000, 0x06640000, 0x06a80000)
 tenured generation   total 87424K, used 21311K [0x0eea0000, 0x14400000, 0x24400000)
   the space 87424K,  24% used [0x0eea0000, 0x1036fc90, 0x1036fe00, 0x14400000)
 Metaspace       used 18351K, capacity 18785K, committed 18816K, reserved 18816K
}
Event: 1487.087 GC heap before
{Heap before GC invocations=18 (full 1):
 def new generation   total 39424K, used 36698K [0x04400000, 0x06ec0000, 0x0eea0000)
  eden space 35072K, 100% used [0x04400000, 0x06640000, 0x06640000)
  from space 4352K,  37% used [0x06a80000, 0x06c16950, 0x06ec0000)
  to   space 4352K,   0% used [0x06640000, 0x06640000, 0x06a80000)
 tenured generation   total 87424K, used 21311K [0x0eea0000, 0x14400000, 0x24400000)
   the space 87424K,  24% used [0x0eea0000, 0x1036fc90, 0x1036fe00, 0x14400000)
 Metaspace       used 18351K, capacity 18785K, committed 18816K, reserved 18816K
Event: 1487.092 GC heap after
Heap after GC invocations=19 (full 1):
 def new generation   total 39424K, used 1662K [0x04400000, 0x06ec0000, 0x0eea0000)
  eden space 35072K,   0% used [0x04400000, 0x04400000, 0x06640000)
  from space 4352K,  38% used [0x06640000, 0x067df870, 0x06a80000)
  to   space 4352K,   0% used [0x06a80000, 0x06a80000, 0x06ec0000)
 tenured generation   total 87424K, used 21311K [0x0eea0000, 0x14400000, 0x24400000)
   the space 87424K,  24% used [0x0eea0000, 0x1036fc90, 0x1036fe00, 0x14400000)
 Metaspace       used 18351K, capacity 18785K, committed 18816K, reserved 18816K
}
Event: 1601.453 GC heap before
{Heap before GC invocations=19 (full 1):
 def new generation   total 39424K, used 36734K [0x04400000, 0x06ec0000, 0x0eea0000)
  eden space 35072K, 100% used [0x04400000, 0x06640000, 0x06640000)
  from space 4352K,  38% used [0x06640000, 0x067df870, 0x06a80000)
  to   space 4352K,   0% used [0x06a80000, 0x06a80000, 0x06ec0000)
 tenured generation   total 87424K, used 21311K [0x0eea0000, 0x14400000, 0x24400000)
   the space 87424K,  24% used [0x0eea0000, 0x1036fc90, 0x1036fe00, 0x14400000)
 Metaspace       used 18351K, capacity 18785K, committed 18816K, reserved 18816K
Event: 1601.457 GC heap after
Heap after GC invocations=20 (full 1):
 def new generation   total 39424K, used 1642K [0x04400000, 0x06ec0000, 0x0eea0000)
  eden space 35072K,   0% used [0x04400000, 0x04400000, 0x06640000)
  from space 4352K,  37% used [0x06a80000, 0x06c1a930, 0x06ec0000)
  to   space 4352K,   0% used [0x06640000, 0x06640000, 0x06a80000)
 tenured generation   total 87424K, used 21311K [0x0eea0000, 0x14400000, 0x24400000)
   the space 87424K,  24% used [0x0eea0000, 0x1036fc90, 0x1036fe00, 0x14400000)
 Metaspace       used 18351K, capacity 18785K, committed 18816K, reserved 18816K
}
Event: 1711.929 GC heap before
{Heap before GC invocations=20 (full 1):
 def new generation   total 39424K, used 36714K [0x04400000, 0x06ec0000, 0x0eea0000)
  eden space 35072K, 100% used [0x04400000, 0x06640000, 0x06640000)
  from space 4352K,  37% used [0x06a80000, 0x06c1a930, 0x06ec0000)
  to   space 4352K,   0% used [0x06640000, 0x06640000, 0x06a80000)
 tenured generation   total 87424K, used 21311K [0x0eea0000, 0x14400000, 0x24400000)
   the space 87424K,  24% used [0x0eea0000, 0x1036fc90, 0x1036fe00, 0x14400000)
 Metaspace       used 18351K, capacity 18785K, committed 18816K, reserved 18816K
Event: 1711.934 GC heap after
Heap after GC invocations=21 (full 1):
 def new generation   total 39424K, used 439K [0x04400000, 0x06ec0000, 0x0eea0000)
  eden space 35072K,   0% used [0x04400000, 0x04400000, 0x06640000)
  from space 4352K,  10% used [0x06640000, 0x066adc80, 0x06a80000)
  to   space 4352K,   0% used [0x06a80000, 0x06a80000, 0x06ec0000)
 tenured generation   total 87424K, used 22500K [0x0eea0000, 0x14400000, 0x24400000)
   the space 87424K,  25% used [0x0eea0000, 0x10499140, 0x10499200, 0x14400000)
 Metaspace       used 18351K, capacity 18785K, committed 18816K, reserved 18816K
}
Event: 1818.004 GC heap before
{Heap before GC invocations=21 (full 1):
 def new generation   total 39424K, used 35511K [0x04400000, 0x06ec0000, 0x0eea0000)
  eden space 35072K, 100% used [0x04400000, 0x06640000, 0x06640000)
  from space 4352K,  10% used [0x06640000, 0x066adc80, 0x06a80000)
  to   space 4352K,   0% used [0x06a80000, 0x06a80000, 0x06ec0000)
 tenured generation   total 87424K, used 22500K [0x0eea0000, 0x14400000, 0x24400000)
   the space 87424K,  25% used [0x0eea0000, 0x10499140, 0x10499200, 0x14400000)
 Metaspace       used 18351K, capacity 18785K, committed 18816K, reserved 18816K
Event: 1818.006 GC heap after
Heap after GC invocations=22 (full 1):
 def new generation   total 39424K, used 422K [0x04400000, 0x06ec0000, 0x0eea0000)
  eden space 35072K,   0% used [0x04400000, 0x04400000, 0x06640000)
  from space 4352K,   9% used [0x06a80000, 0x06ae9b78, 0x06ec0000)
  to   space 4352K,   0% used [0x06640000, 0x06640000, 0x06a80000)
 tenured generation   total 87424K, used 22513K [0x0eea0000, 0x14400000, 0x24400000)
   the space 87424K,  25% used [0x0eea0000, 0x1049c510, 0x1049c600, 0x14400000)
 Metaspace       used 18351K, capacity 18785K, committed 18816K, reserved 18816K
}

