# JRE version: Java(TM) SE Runtime Environment (8.0_92-b14) (build 1.8.0_92-b14)
# Java VM: Java HotSpot(TM) Client VM (25.92-b14 mixed mode windows-x86 )
Heap:
 def new generation   total 39424K, used 27263K [0x04800000, 0x072c0000, 0x0f2a0000)
  eden space 35072K,  74% used [0x04800000, 0x0615da20, 0x06a40000)
  from space 4352K,  29% used [0x06a40000, 0x06b82410, 0x06e80000)
  to   space 4352K,   0% used [0x06e80000, 0x06e80000, 0x072c0000)
 tenured generation   total 87424K, used 41440K [0x0f2a0000, 0x14800000, 0x24800000)
   the space 87424K,  47% used [0x0f2a0000, 0x11b18388, 0x11b18400, 0x14800000)
 Metaspace       used 18616K, capacity 19083K, committed 19200K, reserved 19840K
GC Heap History (10 events):
Event: 7151.977 GC heap before
{Heap before GC invocations=80 (full 1):
 def new generation   total 39424K, used 36541K [0x04800000, 0x072c0000, 0x0f2a0000)
  eden space 35072K, 100% used [0x04800000, 0x06a40000, 0x06a40000)
  from space 4352K,  33% used [0x06e80000, 0x06fef698, 0x072c0000)
  to   space 4352K,   0% used [0x06a40000, 0x06a40000, 0x06e80000)
 tenured generation   total 87424K, used 41430K [0x0f2a0000, 0x14800000, 0x24800000)
   the space 87424K,  47% used [0x0f2a0000, 0x11b158b0, 0x11b15a00, 0x14800000)
 Metaspace       used 18616K, capacity 19083K, committed 19200K, reserved 19840K
Event: 7151.980 GC heap after
Heap after GC invocations=81 (full 1):
 def new generation   total 39424K, used 1440K [0x04800000, 0x072c0000, 0x0f2a0000)
  eden space 35072K,   0% used [0x04800000, 0x04800000, 0x06a40000)
  from space 4352K,  33% used [0x06a40000, 0x06ba80a8, 0x06e80000)
  to   space 4352K,   0% used [0x06e80000, 0x06e80000, 0x072c0000)
 tenured generation   total 87424K, used 41430K [0x0f2a0000, 0x14800000, 0x24800000)
   the space 87424K,  47% used [0x0f2a0000, 0x11b158e0, 0x11b15a00, 0x14800000)
 Metaspace       used 18616K, capacity 19083K, committed 19200K, reserved 19840K
}
Event: 7302.242 GC heap before
{Heap before GC invocations=81 (full 1):
 def new generation   total 39424K, used 36512K [0x04800000, 0x072c0000, 0x0f2a0000)
  eden space 35072K, 100% used [0x04800000, 0x06a40000, 0x06a40000)
  from space 4352K,  33% used [0x06a40000, 0x06ba80a8, 0x06e80000)
  to   space 4352K,   0% used [0x06e80000, 0x06e80000, 0x072c0000)
 tenured generation   total 87424K, used 41430K [0x0f2a0000, 0x14800000, 0x24800000)
   the space 87424K,  47% used [0x0f2a0000, 0x11b158e0, 0x11b15a00, 0x14800000)
 Metaspace       used 18616K, capacity 19083K, committed 19200K, reserved 19840K
Event: 7302.246 GC heap after
Heap after GC invocations=82 (full 1):
 def new generation   total 39424K, used 1897K [0x04800000, 0x072c0000, 0x0f2a0000)
  eden space 35072K,   0% used [0x04800000, 0x04800000, 0x06a40000)
  from space 4352K,  43% used [0x06e80000, 0x0705a4d8, 0x072c0000)
  to   space 4352K,   0% used [0x06a40000, 0x06a40000, 0x06e80000)
 tenured generation   total 87424K, used 41430K [0x0f2a0000, 0x14800000, 0x24800000)
   the space 87424K,  47% used [0x0f2a0000, 0x11b158e0, 0x11b15a00, 0x14800000)
 Metaspace       used 18616K, capacity 19083K, committed 19200K, reserved 19840K
}
Event: 7428.114 GC heap before
{Heap before GC invocations=82 (full 1):
 def new generation   total 39424K, used 36969K [0x04800000, 0x072c0000, 0x0f2a0000)
  eden space 35072K, 100% used [0x04800000, 0x06a40000, 0x06a40000)
  from space 4352K,  43% used [0x06e80000, 0x0705a4d8, 0x072c0000)
  to   space 4352K,   0% used [0x06a40000, 0x06a40000, 0x06e80000)
 tenured generation   total 87424K, used 41430K [0x0f2a0000, 0x14800000, 0x24800000)
   the space 87424K,  47% used [0x0f2a0000, 0x11b158e0, 0x11b15a00, 0x14800000)
 Metaspace       used 18616K, capacity 19083K, committed 19200K, reserved 19840K
Event: 7428.120 GC heap after
Heap after GC invocations=83 (full 1):
 def new generation   total 39424K, used 1704K [0x04800000, 0x072c0000, 0x0f2a0000)
  eden space 35072K,   0% used [0x04800000, 0x04800000, 0x06a40000)
  from space 4352K,  39% used [0x06a40000, 0x06bea1b8, 0x06e80000)
  to   space 4352K,   0% used [0x06e80000, 0x06e80000, 0x072c0000)
 tenured generation   total 87424K, used 41430K [0x0f2a0000, 0x14800000, 0x24800000)
   the space 87424K,  47% used [0x0f2a0000, 0x11b158e0, 0x11b15a00, 0x14800000)
 Metaspace       used 18616K, capacity 19083K, committed 19200K, reserved 19840K
}
Event: 7596.434 GC heap before
{Heap before GC invocations=83 (full 1):
 def new generation   total 39424K, used 36776K [0x04800000, 0x072c0000, 0x0f2a0000)
  eden space 35072K, 100% used [0x04800000, 0x06a40000, 0x06a40000)
  from space 4352K,  39% used [0x06a40000, 0x06bea1b8, 0x06e80000)
  to   space 4352K,   0% used [0x06e80000, 0x06e80000, 0x072c0000)
 tenured generation   total 87424K, used 41430K [0x0f2a0000, 0x14800000, 0x24800000)
   the space 87424K,  47% used [0x0f2a0000, 0x11b158e0, 0x11b15a00, 0x14800000)
 Metaspace       used 18616K, capacity 19083K, committed 19200K, reserved 19840K
Event: 7596.438 GC heap after
Heap after GC invocations=84 (full 1):
 def new generation   total 39424K, used 1703K [0x04800000, 0x072c0000, 0x0f2a0000)
  eden space 35072K,   0% used [0x04800000, 0x04800000, 0x06a40000)
  from space 4352K,  39% used [0x06e80000, 0x07029ec8, 0x072c0000)
  to   space 4352K,   0% used [0x06a40000, 0x06a40000, 0x06e80000)
 tenured generation   total 87424K, used 41438K [0x0f2a0000, 0x14800000, 0x24800000)
   the space 87424K,  47% used [0x0f2a0000, 0x11b17bc0, 0x11b17c00, 0x14800000)
 Metaspace       used 18616K, capacity 19083K, committed 19200K, reserved 19840K
}
Event: 7739.461 GC heap before
{Heap before GC invocations=84 (full 1):
 def new generation   total 39424K, used 36775K [0x04800000, 0x072c0000, 0x0f2a0000)
  eden space 35072K, 100% used [0x04800000, 0x06a40000, 0x06a40000)
  from space 4352K,  39% used [0x06e80000, 0x07029ec8, 0x072c0000)
  to   space 4352K,   0% used [0x06a40000, 0x06a40000, 0x06e80000)
 tenured generation   total 87424K, used 41438K [0x0f2a0000, 0x14800000, 0x24800000)
   the space 87424K,  47% used [0x0f2a0000, 0x11b17bc0, 0x11b17c00, 0x14800000)
 Metaspace       used 18616K, capacity 19083K, committed 19200K, reserved 19840K
Event: 7739.464 GC heap after
Heap after GC invocations=85 (full 1):
 def new generation   total 39424K, used 1289K [0x04800000, 0x072c0000, 0x0f2a0000)
  eden space 35072K,   0% used [0x04800000, 0x04800000, 0x06a40000)
  from space 4352K,  29% used [0x06a40000, 0x06b82410, 0x06e80000)
  to   space 4352K,   0% used [0x06e80000, 0x06e80000, 0x072c0000)
 tenured generation   total 87424K, used 41440K [0x0f2a0000, 0x14800000, 0x24800000)
   the space 87424K,  47% used [0x0f2a0000, 0x11b18388, 0x11b18400, 0x14800000)
 Metaspace       used 18616K, capacity 19083K, committed 19200K, reserved 19840K
}

